<?xml version="1.0" encoding="UTF-8"?>
<testsuite xmlns:xsi="http://www.w3.org/2001/XMLSchema-instance" xsi:noNamespaceSchemaLocation="https://maven.apache.org/surefire/maven-surefire-plugin/xsd/surefire-test-report-3.0.xsd" version="3.0" name="Connect4AITest" time="0.266" tests="5" errors="0" skipped="0" failures="0">
  <properties>
[...]
</properties>
  <testcase name="testAITakesWinningMove" classname="Connect4AITest" time="0.125">
    <system-out><![CDATA[
=======================================================
Keresés indítása. Aktuális állapotteret vizsgálunk...
Maximális mélység (Depth): 4
Lehetséges lépések száma a gyökéren: 7
>> Gyökér szint - Megvizsgáljuk: 0. oszlopot lépésként.
    [Alpha-Beta Nyesés] Játékos (Minimizing) ágon: beta(6) <= alpha(6). Mögöttes játékfa elhagyása.
    [Alpha-Beta Nyesés] Játékos (Minimizing) ágon: beta(12) <= alpha(1000000). Mögöttes játékfa elhagyása.
    [Alpha-Beta Nyesés] Játékos (Minimizing) ágon: beta(9) <= alpha(1000000). Mögöttes játékfa elhagyása.
    [Alpha-Beta Nyesés] Játékos (Minimizing) ágon: beta(7) <= alpha(1000000). Mögöttes játékfa elhagyása.
    [Alpha-Beta Nyesés] Játékos (Minimizing) ágon: beta(4) <= alpha(7). Mögöttes játékfa elhagyása.
    [Alpha-Beta Nyesés] Játékos (Minimizing) ágon: beta(6) <= alpha(7). Mögöttes játékfa elhagyása.
    [Alpha-Beta Nyesés] AI (Maximizing) ágon: alpha(1000000) >= beta(1000000). Mögöttes játékfa elhagyása.
    [Alpha-Beta Nyesés] Játékos (Minimizing) ágon: beta(6) <= alpha(7). Mögöttes játékfa elhagyása.
    [Alpha-Beta Nyesés] Játékos (Minimizing) ágon: beta(4) <= alpha(7). Mögöttes játékfa elhagyása.
    [Alpha-Beta Nyesés] AI (Maximizing) ágon: alpha(1000000) >= beta(1000000). Mögöttes játékfa elhagyása.
    [Alpha-Beta Nyesés] Játékos (Minimizing) ágon: beta(6) <= alpha(6). Mögöttes játékfa elhagyása.
    [Alpha-Beta Nyesés] Játékos (Minimizing) ágon: beta(0) <= alpha(7). Mögöttes játékfa elhagyása.
    [Alpha-Beta Nyesés] Játékos (Minimizing) ágon: beta(0) <= alpha(7). Mögöttes játékfa elhagyása.
    [Alpha-Beta Nyesés] Játékos (Minimizing) ágon: beta(0) <= alpha(7). Mögöttes játékfa elhagyása.
    [Alpha-Beta Nyesés] AI (Maximizing) ágon: alpha(8) >= beta(7). Mögöttes játékfa elhagyása.
    [Alpha-Beta Nyesés] AI (Maximizing) ágon: alpha(7) >= beta(7). Mögöttes játékfa elhagyása.
    [Alpha-Beta Nyesés] AI (Maximizing) ágon: alpha(7) >= beta(7). Mögöttes játékfa elhagyása.
<< 0. oszlop vizsgált értéke (Score): 7
   [!] Új legjobb oszlop kiválasztva: 0 (Pontszám: 7)
>> Gyökér szint - Megvizsgáljuk: 1. oszlopot lépésként.
    [Alpha-Beta Nyesés] Játékos (Minimizing) ágon: beta(16) <= alpha(1000000). Mögöttes játékfa elhagyása.
    [Alpha-Beta Nyesés] Játékos (Minimizing) ágon: beta(13) <= alpha(1000000). Mögöttes játékfa elhagyása.
    [Alpha-Beta Nyesés] Játékos (Minimizing) ágon: beta(11) <= alpha(1000000). Mögöttes játékfa elhagyása.
    [Alpha-Beta Nyesés] Játékos (Minimizing) ágon: beta(2) <= alpha(6). Mögöttes játékfa elhagyása.
    [Alpha-Beta Nyesés] AI (Maximizing) ágon: alpha(1000000) >= beta(1000000). Mögöttes játékfa elhagyása.
    [Alpha-Beta Nyesés] Játékos (Minimizing) ágon: beta(9) <= alpha(9). Mögöttes játékfa elhagyása.
    [Alpha-Beta Nyesés] AI (Maximizing) ágon: alpha(1000000) >= beta(1000000). Mögöttes játékfa elhagyása.
    [Alpha-Beta Nyesés] Játékos (Minimizing) ágon: beta(2) <= alpha(6). Mögöttes játékfa elhagyása.
    [Alpha-Beta Nyesés] Játékos (Minimizing) ágon: beta(4) <= alpha(9). Mögöttes játékfa elhagyása.
    [Alpha-Beta Nyesés] Játékos (Minimizing) ágon: beta(4) <= alpha(9). Mögöttes játékfa elhagyása.
    [Alpha-Beta Nyesés] Játékos (Minimizing) ágon: beta(4) <= alpha(9). Mögöttes játékfa elhagyása.
    [Alpha-Beta Nyesés] Játékos (Minimizing) ágon: beta(7) <= alpha(8). Mögöttes játékfa elhagyása.
    [Alpha-Beta Nyesés] AI (Maximizing) ágon: alpha(12) >= beta(9). Mögöttes játékfa elhagyása.
    [Alpha-Beta Nyesés] AI (Maximizing) ágon: alpha(9) >= beta(9). Mögöttes játékfa elhagyása.
    [Alpha-Beta Nyesés] AI (Maximizing) ágon: alpha(9) >= beta(9). Mögöttes játékfa elhagyása.
<< 1. oszlop vizsgált értéke (Score): 9
   [!] Új legjobb oszlop kiválasztva: 1 (Pontszám: 9)
>> Gyökér szint - Megvizsgáljuk: 2. oszlopot lépésként.
    [Alpha-Beta Nyesés] Játékos (Minimizing) ágon: beta(16) <= alpha(1000000). Mögöttes játékfa elhagyása.
    [Alpha-Beta Nyesés] Játékos (Minimizing) ágon: beta(13) <= alpha(1000000). Mögöttes játékfa elhagyása.
    [Alpha-Beta Nyesés] Játékos (Minimizing) ágon: beta(11) <= alpha(1000000). Mögöttes játékfa elhagyása.
    [Alpha-Beta Nyesés] Játékos (Minimizing) ágon: beta(4) <= alpha(6). Mögöttes játékfa elhagyása.
    [Alpha-Beta Nyesés] AI (Maximizing) ágon: alpha(1000000) >= beta(1000000). Mögöttes játékfa elhagyása.
    [Alpha-Beta Nyesés] Játékos (Minimizing) ágon: beta(2) <= alpha(8). Mögöttes játékfa elhagyása.
    [Alpha-Beta Nyesés] AI (Maximizing) ágon: alpha(1000000) >= beta(1000000). Mögöttes játékfa elhagyása.
    [Alpha-Beta Nyesés] Játékos (Minimizing) ágon: beta(4) <= alpha(8). Mögöttes játékfa elhagyása.
    [Alpha-Beta Nyesés] Játékos (Minimizing) ágon: beta(4) <= alpha(11). Mögöttes játékfa elhagyása.
    [Alpha-Beta Nyesés] Játékos (Minimizing) ágon: beta(4) <= alpha(11). Mögöttes játékfa elhagyása.
    [Alpha-Beta Nyesés] Játékos (Minimizing) ágon: beta(4) <= alpha(11). Mögöttes játékfa elhagyása.
    [Alpha-Beta Nyesés] AI (Maximizing) ágon: alpha(12) >= beta(11). Mögöttes játékfa elhagyása.
    [Alpha-Beta Nyesés] AI (Maximizing) ágon: alpha(12) >= beta(11). Mögöttes játékfa elhagyása.
    [Alpha-Beta Nyesés] AI (Maximizing) ágon: alpha(12) >= beta(11). Mögöttes játékfa elhagyása.
<< 2. oszlop vizsgált értéke (Score): 11
   [!] Új legjobb oszlop kiválasztva: 2 (Pontszám: 11)
>> Gyökér szint - Megvizsgáljuk: 3. oszlopot lépésként.
<< 3. oszlop vizsgált értéke (Score): 1000000
   [!] Új legjobb oszlop kiválasztva: 3 (Pontszám: 1000000)
>> Gyökér szint - Megvizsgáljuk: 4. oszlopot lépésként.
    [Alpha-Beta Nyesés] Játékos (Minimizing) ágon: beta(4) <= alpha(4). Mögöttes játékfa elhagyása.
    [Alpha-Beta Nyesés] Játékos (Minimizing) ágon: beta(14) <= alpha(1000000). Mögöttes játékfa elhagyása.
    [Alpha-Beta Nyesés] Játékos (Minimizing) ágon: beta(17) <= alpha(1000000). Mögöttes játékfa elhagyása.
    [Alpha-Beta Nyesés] Játékos (Minimizing) ágon: beta(14) <= alpha(1000000). Mögöttes játékfa elhagyása.
    [Alpha-Beta Nyesés] Játékos (Minimizing) ágon: beta(0) <= alpha(2). Mögöttes játékfa elhagyása.
    [Alpha-Beta Nyesés] AI (Maximizing) ágon: alpha(1000000) >= beta(1000000). Mögöttes játékfa elhagyása.
    [Alpha-Beta Nyesés] Játékos (Minimizing) ágon: beta(4) <= alpha(4). Mögöttes játékfa elhagyása.
    [Alpha-Beta Nyesés] AI (Maximizing) ágon: alpha(1000000) >= beta(1000000). Mögöttes játékfa elhagyása.
    [Alpha-Beta Nyesés] Játékos (Minimizing) ágon: beta(2) <= alpha(2). Mögöttes játékfa elhagyása.
    [Alpha-Beta Nyesés] Játékos (Minimizing) ágon: beta(2) <= alpha(7). Mögöttes játékfa elhagyása.
    [Alpha-Beta Nyesés] Játékos (Minimizing) ágon: beta(0) <= alpha(7). Mögöttes játékfa elhagyása.
    [Alpha-Beta Nyesés] Játékos (Minimizing) ágon: beta(0) <= alpha(7). Mögöttes játékfa elhagyása.
    [Alpha-Beta Nyesés] Játékos (Minimizing) ágon: beta(4) <= alpha(4). Mögöttes játékfa elhagyása.
    [Alpha-Beta Nyesés] AI (Maximizing) ágon: alpha(1000000) >= beta(7). Mögöttes játékfa elhagyása.
    [Alpha-Beta Nyesés] Játékos (Minimizing) ágon: beta(4) <= alpha(4). Mögöttes játékfa elhagyása.
    [Alpha-Beta Nyesés] AI (Maximizing) ágon: alpha(1000000) >= beta(7). Mögöttes játékfa elhagyása.
    [Alpha-Beta Nyesés] Játékos (Minimizing) ágon: beta(4) <= alpha(4). Mögöttes játékfa elhagyása.
    [Alpha-Beta Nyesés] AI (Maximizing) ágon: alpha(1000000) >= beta(7). Mögöttes játékfa elhagyása.
<< 4. oszlop vizsgált értéke (Score): 7
>> Gyökér szint - Megvizsgáljuk: 5. oszlopot lépésként.
    [Alpha-Beta Nyesés] Játékos (Minimizing) ágon: beta(4) <= alpha(4). Mögöttes játékfa elhagyása.
    [Alpha-Beta Nyesés] Játékos (Minimizing) ágon: beta(17) <= alpha(1000000). Mögöttes játékfa elhagyása.
    [Alpha-Beta Nyesés] Játékos (Minimizing) ágon: beta(11) <= alpha(1000000). Mögöttes játékfa elhagyása.
    [Alpha-Beta Nyesés] Játékos (Minimizing) ágon: beta(11) <= alpha(1000000). Mögöttes játékfa elhagyása.
    [Alpha-Beta Nyesés] Játékos (Minimizing) ágon: beta(0) <= alpha(2). Mögöttes játékfa elhagyása.
    [Alpha-Beta Nyesés] AI (Maximizing) ágon: alpha(1000000) >= beta(1000000). Mögöttes játékfa elhagyása.
    [Alpha-Beta Nyesés] Játékos (Minimizing) ágon: beta(2) <= alpha(4). Mögöttes játékfa elhagyása.
    [Alpha-Beta Nyesés] AI (Maximizing) ágon: alpha(1000000) >= beta(1000000). Mögöttes játékfa elhagyása.
    [Alpha-Beta Nyesés] Játékos (Minimizing) ágon: beta(2) <= alpha(2). Mögöttes játékfa elhagyása.
    [Alpha-Beta Nyesés] Játékos (Minimizing) ágon: beta(0) <= alpha(5). Mögöttes játékfa elhagyása.
    [Alpha-Beta Nyesés] Játékos (Minimizing) ágon: beta(2) <= alpha(5). Mögöttes játékfa elhagyása.
    [Alpha-Beta Nyesés] Játékos (Minimizing) ágon: beta(0) <= alpha(5). Mögöttes játékfa elhagyása.
    [Alpha-Beta Nyesés] Játékos (Minimizing) ágon: beta(4) <= alpha(4). Mögöttes játékfa elhagyása.
    [Alpha-Beta Nyesés] AI (Maximizing) ágon: alpha(1000000) >= beta(5). Mögöttes játékfa elhagyása.
    [Alpha-Beta Nyesés] Játékos (Minimizing) ágon: beta(4) <= alpha(4). Mögöttes játékfa elhagyása.
    [Alpha-Beta Nyesés] AI (Maximizing) ágon: alpha(1000000) >= beta(5). Mögöttes játékfa elhagyása.
    [Alpha-Beta Nyesés] Játékos (Minimizing) ágon: beta(4) <= alpha(4). Mögöttes játékfa elhagyása.
    [Alpha-Beta Nyesés] AI (Maximizing) ágon: alpha(1000000) >= beta(5). Mögöttes játékfa elhagyása.
<< 5. oszlop vizsgált értéke (Score): 5
>> Gyökér szint - Megvizsgáljuk: 6. oszlopot lépésként.
    [Alpha-Beta Nyesés] Játékos (Minimizing) ágon: beta(4) <= alpha(4). Mögöttes játékfa elhagyása.
    [Alpha-Beta Nyesés] Játékos (Minimizing) ágon: beta(14) <= alpha(1000000). Mögöttes játékfa elhagyása.
    [Alpha-Beta Nyesés] Játékos (Minimizing) ágon: beta(11) <= alpha(1000000). Mögöttes játékfa elhagyása.
    [Alpha-Beta Nyesés] Játékos (Minimizing) ágon: beta(9) <= alpha(1000000). Mögöttes játékfa elhagyása.
    [Alpha-Beta Nyesés] Játékos (Minimizing) ágon: beta(0) <= alpha(2). Mögöttes játékfa elhagyása.
    [Alpha-Beta Nyesés] AI (Maximizing) ágon: alpha(1000000) >= beta(1000000). Mögöttes játékfa elhagyása.
    [Alpha-Beta Nyesés] Játékos (Minimizing) ágon: beta(2) <= alpha(4). Mögöttes játékfa elhagyása.
    [Alpha-Beta Nyesés] AI (Maximizing) ágon: alpha(1000000) >= beta(1000000). Mögöttes játékfa elhagyása.
    [Alpha-Beta Nyesés] Játékos (Minimizing) ágon: beta(2) <= alpha(2). Mögöttes játékfa elhagyása.
    [Alpha-Beta Nyesés] Játékos (Minimizing) ágon: beta(0) <= alpha(5). Mögöttes játékfa elhagyása.
    [Alpha-Beta Nyesés] Játékos (Minimizing) ágon: beta(0) <= alpha(5). Mögöttes játékfa elhagyása.
    [Alpha-Beta Nyesés] Játékos (Minimizing) ágon: beta(2) <= alpha(5). Mögöttes játékfa elhagyása.
    [Alpha-Beta Nyesés] Játékos (Minimizing) ágon: beta(4) <= alpha(4). Mögöttes játékfa elhagyása.
    [Alpha-Beta Nyesés] AI (Maximizing) ágon: alpha(1000000) >= beta(5). Mögöttes játékfa elhagyása.
    [Alpha-Beta Nyesés] Játékos (Minimizing) ágon: beta(4) <= alpha(4). Mögöttes játékfa elhagyása.
    [Alpha-Beta Nyesés] AI (Maximizing) ágon: alpha(1000000) >= beta(5). Mögöttes játékfa elhagyása.
    [Alpha-Beta Nyesés] Játékos (Minimizing) ágon: beta(4) <= alpha(4). Mögöttes játékfa elhagyása.
    [Alpha-Beta Nyesés] AI (Maximizing) ágon: alpha(1000000) >= beta(5). Mögöttes játékfa elhagyása.
<< 6. oszlop vizsgált értéke (Score): 5
A keresés befejeződött! A legoptimálisabb döntés: 3. oszlop
=======================================================

]]></system-out>
  </testcase>
  <testcase name="testAIPrefersCenterCol" classname="Connect4AITest" time="0.049">
    <system-out><![CDATA[
=======================================================
Keresés indítása. Aktuális állapotteret vizsgálunk...
Maximális mélység (Depth): 4
Lehetséges lépések száma a gyökéren: 7
>> Gyökér szint - Megvizsgáljuk: 0. oszlopot lépésként.
    [Alpha-Beta Nyesés] Játékos (Minimizing) ágon: beta(0) <= alpha(0). Mögöttes játékfa elhagyása.
    [Alpha-Beta Nyesés] Játékos (Minimizing) ágon: beta(0) <= alpha(0). Mögöttes játékfa elhagyása.
    [Alpha-Beta Nyesés] Játékos (Minimizing) ágon: beta(0) <= alpha(3). Mögöttes játékfa elhagyása.
    [Alpha-Beta Nyesés] Játékos (Minimizing) ágon: beta(0) <= alpha(3). Mögöttes játékfa elhagyása.
    [Alpha-Beta Nyesés] Játékos (Minimizing) ágon: beta(0) <= alpha(3). Mögöttes játékfa elhagyása.
    [Alpha-Beta Nyesés] Játékos (Minimizing) ágon: beta(0) <= alpha(2). Mögöttes játékfa elhagyása.
    [Alpha-Beta Nyesés] AI (Maximizing) ágon: alpha(3) >= beta(3). Mögöttes játékfa elhagyása.
    [Alpha-Beta Nyesés] Játékos (Minimizing) ágon: beta(0) <= alpha(0). Mögöttes játékfa elhagyása.
    [Alpha-Beta Nyesés] Játékos (Minimizing) ágon: beta(0) <= alpha(0). Mögöttes játékfa elhagyása.
    [Alpha-Beta Nyesés] AI (Maximizing) ágon: alpha(3) >= beta(3). Mögöttes játékfa elhagyása.
    [Alpha-Beta Nyesés] Játékos (Minimizing) ágon: beta(0) <= alpha(0). Mögöttes játékfa elhagyása.
    [Alpha-Beta Nyesés] Játékos (Minimizing) ágon: beta(0) <= alpha(0). Mögöttes játékfa elhagyása.
    [Alpha-Beta Nyesés] AI (Maximizing) ágon: alpha(3) >= beta(3). Mögöttes játékfa elhagyása.
    [Alpha-Beta Nyesés] Játékos (Minimizing) ágon: beta(0) <= alpha(0). Mögöttes játékfa elhagyása.
    [Alpha-Beta Nyesés] Játékos (Minimizing) ágon: beta(0) <= alpha(0). Mögöttes játékfa elhagyása.
    [Alpha-Beta Nyesés] AI (Maximizing) ágon: alpha(3) >= beta(3). Mögöttes játékfa elhagyása.
    [Alpha-Beta Nyesés] Játékos (Minimizing) ágon: beta(0) <= alpha(0). Mögöttes játékfa elhagyása.
    [Alpha-Beta Nyesés] Játékos (Minimizing) ágon: beta(0) <= alpha(0). Mögöttes játékfa elhagyása.
    [Alpha-Beta Nyesés] AI (Maximizing) ágon: alpha(3) >= beta(3). Mögöttes játékfa elhagyása.
    [Alpha-Beta Nyesés] Játékos (Minimizing) ágon: beta(0) <= alpha(0). Mögöttes játékfa elhagyása.
    [Alpha-Beta Nyesés] Játékos (Minimizing) ágon: beta(0) <= alpha(0). Mögöttes játékfa elhagyása.
    [Alpha-Beta Nyesés] AI (Maximizing) ágon: alpha(3) >= beta(3). Mögöttes játékfa elhagyása.
<< 0. oszlop vizsgált értéke (Score): 3
   [!] Új legjobb oszlop kiválasztva: 0 (Pontszám: 3)
>> Gyökér szint - Megvizsgáljuk: 1. oszlopot lépésként.
    [Alpha-Beta Nyesés] Játékos (Minimizing) ágon: beta(0) <= alpha(0). Mögöttes játékfa elhagyása.
    [Alpha-Beta Nyesés] Játékos (Minimizing) ágon: beta(0) <= alpha(0). Mögöttes játékfa elhagyása.
    [Alpha-Beta Nyesés] Játékos (Minimizing) ágon: beta(2) <= alpha(3). Mögöttes játékfa elhagyása.
    [Alpha-Beta Nyesés] Játékos (Minimizing) ágon: beta(0) <= alpha(3). Mögöttes játékfa elhagyása.
    [Alpha-Beta Nyesés] Játékos (Minimizing) ágon: beta(0) <= alpha(3). Mögöttes játékfa elhagyása.
    [Alpha-Beta Nyesés] Játékos (Minimizing) ágon: beta(0) <= alpha(0). Mögöttes játékfa elhagyása.
    [Alpha-Beta Nyesés] Játékos (Minimizing) ágon: beta(0) <= alpha(0). Mögöttes játékfa elhagyása.
    [Alpha-Beta Nyesés] AI (Maximizing) ágon: alpha(3) >= beta(3). Mögöttes játékfa elhagyása.
    [Alpha-Beta Nyesés] Játékos (Minimizing) ágon: beta(0) <= alpha(0). Mögöttes játékfa elhagyása.
    [Alpha-Beta Nyesés] AI (Maximizing) ágon: alpha(3) >= beta(3). Mögöttes játékfa elhagyása.
    [Alpha-Beta Nyesés] Játékos (Minimizing) ágon: beta(0) <= alpha(0). Mögöttes játékfa elhagyása.
    [Alpha-Beta Nyesés] Játékos (Minimizing) ágon: beta(0) <= alpha(0). Mögöttes játékfa elhagyása.
    [Alpha-Beta Nyesés] AI (Maximizing) ágon: alpha(3) >= beta(3). Mögöttes játékfa elhagyása.
    [Alpha-Beta Nyesés] Játékos (Minimizing) ágon: beta(0) <= alpha(0). Mögöttes játékfa elhagyása.
    [Alpha-Beta Nyesés] Játékos (Minimizing) ágon: beta(0) <= alpha(0). Mögöttes játékfa elhagyása.
    [Alpha-Beta Nyesés] AI (Maximizing) ágon: alpha(3) >= beta(3). Mögöttes játékfa elhagyása.
    [Alpha-Beta Nyesés] Játékos (Minimizing) ágon: beta(0) <= alpha(0). Mögöttes játékfa elhagyása.
    [Alpha-Beta Nyesés] Játékos (Minimizing) ágon: beta(0) <= alpha(0). Mögöttes játékfa elhagyása.
    [Alpha-Beta Nyesés] AI (Maximizing) ágon: alpha(3) >= beta(3). Mögöttes játékfa elhagyása.
    [Alpha-Beta Nyesés] Játékos (Minimizing) ágon: beta(0) <= alpha(0). Mögöttes játékfa elhagyása.
    [Alpha-Beta Nyesés] Játékos (Minimizing) ágon: beta(0) <= alpha(0). Mögöttes játékfa elhagyása.
    [Alpha-Beta Nyesés] AI (Maximizing) ágon: alpha(3) >= beta(3). Mögöttes játékfa elhagyása.
<< 1. oszlop vizsgált értéke (Score): 3
>> Gyökér szint - Megvizsgáljuk: 2. oszlopot lépésként.
    [Alpha-Beta Nyesés] Játékos (Minimizing) ágon: beta(0) <= alpha(0). Mögöttes játékfa elhagyása.
    [Alpha-Beta Nyesés] Játékos (Minimizing) ágon: beta(0) <= alpha(0). Mögöttes játékfa elhagyása.
    [Alpha-Beta Nyesés] Játékos (Minimizing) ágon: beta(2) <= alpha(3). Mögöttes játékfa elhagyása.
    [Alpha-Beta Nyesés] Játékos (Minimizing) ágon: beta(2) <= alpha(3). Mögöttes játékfa elhagyása.
    [Alpha-Beta Nyesés] Játékos (Minimizing) ágon: beta(0) <= alpha(3). Mögöttes játékfa elhagyása.
    [Alpha-Beta Nyesés] Játékos (Minimizing) ágon: beta(0) <= alpha(0). Mögöttes játékfa elhagyása.
    [Alpha-Beta Nyesés] Játékos (Minimizing) ágon: beta(0) <= alpha(0). Mögöttes játékfa elhagyása.
    [Alpha-Beta Nyesés] AI (Maximizing) ágon: alpha(3) >= beta(3). Mögöttes játékfa elhagyása.
    [Alpha-Beta Nyesés] Játékos (Minimizing) ágon: beta(0) <= alpha(0). Mögöttes játékfa elhagyása.
    [Alpha-Beta Nyesés] Játékos (Minimizing) ágon: beta(0) <= alpha(0). Mögöttes játékfa elhagyása.
    [Alpha-Beta Nyesés] AI (Maximizing) ágon: alpha(5) >= beta(3). Mögöttes játékfa elhagyása.
    [Alpha-Beta Nyesés] Játékos (Minimizing) ágon: beta(0) <= alpha(0). Mögöttes játékfa elhagyása.
    [Alpha-Beta Nyesés] Játékos (Minimizing) ágon: beta(0) <= alpha(0). Mögöttes játékfa elhagyása.
    [Alpha-Beta Nyesés] AI (Maximizing) ágon: alpha(5) >= beta(3). Mögöttes játékfa elhagyása.
    [Alpha-Beta Nyesés] Játékos (Minimizing) ágon: beta(0) <= alpha(0). Mögöttes játékfa elhagyása.
    [Alpha-Beta Nyesés] Játékos (Minimizing) ágon: beta(0) <= alpha(0). Mögöttes játékfa elhagyása.
    [Alpha-Beta Nyesés] AI (Maximizing) ágon: alpha(3) >= beta(3). Mögöttes játékfa elhagyása.
    [Alpha-Beta Nyesés] Játékos (Minimizing) ágon: beta(0) <= alpha(0). Mögöttes játékfa elhagyása.
    [Alpha-Beta Nyesés] Játékos (Minimizing) ágon: beta(0) <= alpha(0). Mögöttes játékfa elhagyása.
    [Alpha-Beta Nyesés] AI (Maximizing) ágon: alpha(3) >= beta(3). Mögöttes játékfa elhagyása.
    [Alpha-Beta Nyesés] Játékos (Minimizing) ágon: beta(0) <= alpha(0). Mögöttes játékfa elhagyása.
    [Alpha-Beta Nyesés] Játékos (Minimizing) ágon: beta(0) <= alpha(0). Mögöttes játékfa elhagyása.
    [Alpha-Beta Nyesés] AI (Maximizing) ágon: alpha(5) >= beta(3). Mögöttes játékfa elhagyása.
<< 2. oszlop vizsgált értéke (Score): 3
>> Gyökér szint - Megvizsgáljuk: 3. oszlopot lépésként.
    [Alpha-Beta Nyesés] Játékos (Minimizing) ágon: beta(3) <= alpha(3). Mögöttes játékfa elhagyása.
    [Alpha-Beta Nyesés] Játékos (Minimizing) ágon: beta(3) <= alpha(3). Mögöttes játékfa elhagyása.
    [Alpha-Beta Nyesés] Játékos (Minimizing) ágon: beta(5) <= alpha(6). Mögöttes játékfa elhagyása.
    [Alpha-Beta Nyesés] Játékos (Minimizing) ágon: beta(5) <= alpha(6). Mögöttes játékfa elhagyása.
    [Alpha-Beta Nyesés] Játékos (Minimizing) ágon: beta(5) <= alpha(6). Mögöttes játékfa elhagyása.
    [Alpha-Beta Nyesés] Játékos (Minimizing) ágon: beta(3) <= alpha(3). Mögöttes játékfa elhagyása.
    [Alpha-Beta Nyesés] Játékos (Minimizing) ágon: beta(3) <= alpha(3). Mögöttes játékfa elhagyása.
    [Alpha-Beta Nyesés] AI (Maximizing) ágon: alpha(6) >= beta(6). Mögöttes játékfa elhagyása.
    [Alpha-Beta Nyesés] Játékos (Minimizing) ágon: beta(3) <= alpha(3). Mögöttes játékfa elhagyása.
    [Alpha-Beta Nyesés] AI (Maximizing) ágon: alpha(6) >= beta(6). Mögöttes játékfa elhagyása.
    [Alpha-Beta Nyesés] Játékos (Minimizing) ágon: beta(3) <= alpha(3). Mögöttes játékfa elhagyása.
    [Alpha-Beta Nyesés] AI (Maximizing) ágon: alpha(6) >= beta(6). Mögöttes játékfa elhagyása.
    [Alpha-Beta Nyesés] Játékos (Minimizing) ágon: beta(3) <= alpha(3). Mögöttes játékfa elhagyása.
    [Alpha-Beta Nyesés] Játékos (Minimizing) ágon: beta(3) <= alpha(3). Mögöttes játékfa elhagyása.
    [Alpha-Beta Nyesés] AI (Maximizing) ágon: alpha(6) >= beta(6). Mögöttes játékfa elhagyása.
    [Alpha-Beta Nyesés] Játékos (Minimizing) ágon: beta(3) <= alpha(3). Mögöttes játékfa elhagyása.
    [Alpha-Beta Nyesés] Játékos (Minimizing) ágon: beta(3) <= alpha(3). Mögöttes játékfa elhagyása.
    [Alpha-Beta Nyesés] AI (Maximizing) ágon: alpha(6) >= beta(6). Mögöttes játékfa elhagyása.
    [Alpha-Beta Nyesés] Játékos (Minimizing) ágon: beta(3) <= alpha(3). Mögöttes játékfa elhagyása.
    [Alpha-Beta Nyesés] AI (Maximizing) ágon: alpha(6) >= beta(6). Mögöttes játékfa elhagyása.
<< 3. oszlop vizsgált értéke (Score): 6
   [!] Új legjobb oszlop kiválasztva: 3 (Pontszám: 6)
>> Gyökér szint - Megvizsgáljuk: 4. oszlopot lépésként.
    [Alpha-Beta Nyesés] Játékos (Minimizing) ágon: beta(0) <= alpha(0). Mögöttes játékfa elhagyása.
    [Alpha-Beta Nyesés] Játékos (Minimizing) ágon: beta(0) <= alpha(0). Mögöttes játékfa elhagyása.
    [Alpha-Beta Nyesés] Játékos (Minimizing) ágon: beta(2) <= alpha(5). Mögöttes játékfa elhagyása.
    [Alpha-Beta Nyesés] Játékos (Minimizing) ágon: beta(4) <= alpha(5). Mögöttes játékfa elhagyása.
    [Alpha-Beta Nyesés] Játékos (Minimizing) ágon: beta(2) <= alpha(5). Mögöttes játékfa elhagyása.
    [Alpha-Beta Nyesés] Játékos (Minimizing) ágon: beta(0) <= alpha(0). Mögöttes játékfa elhagyása.
    [Alpha-Beta Nyesés] Játékos (Minimizing) ágon: beta(0) <= alpha(0). Mögöttes játékfa elhagyása.
    [Alpha-Beta Nyesés] Játékos (Minimizing) ágon: beta(2) <= alpha(3). Mögöttes játékfa elhagyása.
    [Alpha-Beta Nyesés] Játékos (Minimizing) ágon: beta(2) <= alpha(3). Mögöttes játékfa elhagyása.
    [Alpha-Beta Nyesés] Játékos (Minimizing) ágon: beta(2) <= alpha(3). Mögöttes játékfa elhagyása.
    [Alpha-Beta Nyesés] Játékos (Minimizing) ágon: beta(0) <= alpha(0). Mögöttes játékfa elhagyása.
    [Alpha-Beta Nyesés] Játékos (Minimizing) ágon: beta(0) <= alpha(0). Mögöttes játékfa elhagyása.
    [Alpha-Beta Nyesés] AI (Maximizing) ágon: alpha(3) >= beta(3). Mögöttes játékfa elhagyása.
    [Alpha-Beta Nyesés] Játékos (Minimizing) ágon: beta(0) <= alpha(0). Mögöttes játékfa elhagyása.
    [Alpha-Beta Nyesés] Játékos (Minimizing) ágon: beta(0) <= alpha(0). Mögöttes játékfa elhagyása.
    [Alpha-Beta Nyesés] AI (Maximizing) ágon: alpha(5) >= beta(3). Mögöttes játékfa elhagyása.
    [Alpha-Beta Nyesés] Játékos (Minimizing) ágon: beta(0) <= alpha(0). Mögöttes játékfa elhagyása.
    [Alpha-Beta Nyesés] Játékos (Minimizing) ágon: beta(0) <= alpha(0). Mögöttes játékfa elhagyása.
    [Alpha-Beta Nyesés] AI (Maximizing) ágon: alpha(5) >= beta(3). Mögöttes játékfa elhagyása.
    [Alpha-Beta Nyesés] Játékos (Minimizing) ágon: beta(0) <= alpha(0). Mögöttes játékfa elhagyása.
    [Alpha-Beta Nyesés] Játékos (Minimizing) ágon: beta(0) <= alpha(0). Mögöttes játékfa elhagyása.
    [Alpha-Beta Nyesés] AI (Maximizing) ágon: alpha(3) >= beta(3). Mögöttes játékfa elhagyása.
    [Alpha-Beta Nyesés] Játékos (Minimizing) ágon: beta(0) <= alpha(0). Mögöttes játékfa elhagyása.
    [Alpha-Beta Nyesés] Játékos (Minimizing) ágon: beta(0) <= alpha(0). Mögöttes játékfa elhagyása.
    [Alpha-Beta Nyesés] AI (Maximizing) ágon: alpha(3) >= beta(3). Mögöttes játékfa elhagyása.
<< 4. oszlop vizsgált értéke (Score): 3
>> Gyökér szint - Megvizsgáljuk: 5. oszlopot lépésként.
    [Alpha-Beta Nyesés] Játékos (Minimizing) ágon: beta(0) <= alpha(0). Mögöttes játékfa elhagyása.
    [Alpha-Beta Nyesés] Játékos (Minimizing) ágon: beta(0) <= alpha(0). Mögöttes játékfa elhagyása.
    [Alpha-Beta Nyesés] Játékos (Minimizing) ágon: beta(2) <= alpha(3). Mögöttes játékfa elhagyása.
    [Alpha-Beta Nyesés] Játékos (Minimizing) ágon: beta(2) <= alpha(3). Mögöttes játékfa elhagyása.
    [Alpha-Beta Nyesés] Játékos (Minimizing) ágon: beta(2) <= alpha(3). Mögöttes játékfa elhagyása.
    [Alpha-Beta Nyesés] Játékos (Minimizing) ágon: beta(0) <= alpha(0). Mögöttes játékfa elhagyása.
    [Alpha-Beta Nyesés] Játékos (Minimizing) ágon: beta(0) <= alpha(0). Mögöttes játékfa elhagyása.
    [Alpha-Beta Nyesés] AI (Maximizing) ágon: alpha(3) >= beta(3). Mögöttes játékfa elhagyása.
    [Alpha-Beta Nyesés] Játékos (Minimizing) ágon: beta(0) <= alpha(0). Mögöttes játékfa elhagyása.
    [Alpha-Beta Nyesés] Játékos (Minimizing) ágon: beta(0) <= alpha(0). Mögöttes játékfa elhagyása.
    [Alpha-Beta Nyesés] AI (Maximizing) ágon: alpha(3) >= beta(3). Mögöttes játékfa elhagyása.
    [Alpha-Beta Nyesés] Játékos (Minimizing) ágon: beta(0) <= alpha(0). Mögöttes játékfa elhagyása.
    [Alpha-Beta Nyesés] Játékos (Minimizing) ágon: beta(0) <= alpha(0). Mögöttes játékfa elhagyása.
    [Alpha-Beta Nyesés] AI (Maximizing) ágon: alpha(3) >= beta(3). Mögöttes játékfa elhagyása.
    [Alpha-Beta Nyesés] Játékos (Minimizing) ágon: beta(0) <= alpha(0). Mögöttes játékfa elhagyása.
    [Alpha-Beta Nyesés] Játékos (Minimizing) ágon: beta(0) <= alpha(0). Mögöttes játékfa elhagyása.
    [Alpha-Beta Nyesés] AI (Maximizing) ágon: alpha(3) >= beta(3). Mögöttes játékfa elhagyása.
    [Alpha-Beta Nyesés] Játékos (Minimizing) ágon: beta(0) <= alpha(0). Mögöttes játékfa elhagyása.
    [Alpha-Beta Nyesés] Játékos (Minimizing) ágon: beta(0) <= alpha(0). Mögöttes játékfa elhagyása.
    [Alpha-Beta Nyesés] AI (Maximizing) ágon: alpha(3) >= beta(3). Mögöttes játékfa elhagyása.
    [Alpha-Beta Nyesés] Játékos (Minimizing) ágon: beta(0) <= alpha(0). Mögöttes játékfa elhagyása.
    [Alpha-Beta Nyesés] Játékos (Minimizing) ágon: beta(0) <= alpha(0). Mögöttes játékfa elhagyása.
    [Alpha-Beta Nyesés] AI (Maximizing) ágon: alpha(3) >= beta(3). Mögöttes játékfa elhagyása.
<< 5. oszlop vizsgált értéke (Score): 3
>> Gyökér szint - Megvizsgáljuk: 6. oszlopot lépésként.
    [Alpha-Beta Nyesés] Játékos (Minimizing) ágon: beta(0) <= alpha(0). Mögöttes játékfa elhagyása.
    [Alpha-Beta Nyesés] Játékos (Minimizing) ágon: beta(0) <= alpha(0). Mögöttes játékfa elhagyása.
    [Alpha-Beta Nyesés] Játékos (Minimizing) ágon: beta(2) <= alpha(3). Mögöttes játékfa elhagyása.
    [Alpha-Beta Nyesés] Játékos (Minimizing) ágon: beta(2) <= alpha(3). Mögöttes játékfa elhagyása.
    [Alpha-Beta Nyesés] Játékos (Minimizing) ágon: beta(2) <= alpha(3). Mögöttes játékfa elhagyása.
    [Alpha-Beta Nyesés] Játékos (Minimizing) ágon: beta(0) <= alpha(0). Mögöttes játékfa elhagyása.
    [Alpha-Beta Nyesés] Játékos (Minimizing) ágon: beta(0) <= alpha(0). Mögöttes játékfa elhagyása.
    [Alpha-Beta Nyesés] AI (Maximizing) ágon: alpha(3) >= beta(3). Mögöttes játékfa elhagyása.
    [Alpha-Beta Nyesés] Játékos (Minimizing) ágon: beta(0) <= alpha(0). Mögöttes játékfa elhagyása.
    [Alpha-Beta Nyesés] Játékos (Minimizing) ágon: beta(0) <= alpha(0). Mögöttes játékfa elhagyása.
    [Alpha-Beta Nyesés] AI (Maximizing) ágon: alpha(3) >= beta(3). Mögöttes játékfa elhagyása.
    [Alpha-Beta Nyesés] Játékos (Minimizing) ágon: beta(0) <= alpha(0). Mögöttes játékfa elhagyása.
    [Alpha-Beta Nyesés] Játékos (Minimizing) ágon: beta(0) <= alpha(0). Mögöttes játékfa elhagyása.
    [Alpha-Beta Nyesés] AI (Maximizing) ágon: alpha(3) >= beta(3). Mögöttes játékfa elhagyása.
    [Alpha-Beta Nyesés] Játékos (Minimizing) ágon: beta(0) <= alpha(0). Mögöttes játékfa elhagyása.
    [Alpha-Beta Nyesés] Játékos (Minimizing) ágon: beta(0) <= alpha(0). Mögöttes játékfa elhagyása.
    [Alpha-Beta Nyesés] AI (Maximizing) ágon: alpha(3) >= beta(3). Mögöttes játékfa elhagyása.
    [Alpha-Beta Nyesés] Játékos (Minimizing) ágon: beta(0) <= alpha(0). Mögöttes játékfa elhagyása.
    [Alpha-Beta Nyesés] Játékos (Minimizing) ágon: beta(0) <= alpha(0). Mögöttes játékfa elhagyása.
    [Alpha-Beta Nyesés] AI (Maximizing) ágon: alpha(3) >= beta(3). Mögöttes játékfa elhagyása.
    [Alpha-Beta Nyesés] Játékos (Minimizing) ágon: beta(0) <= alpha(0). Mögöttes játékfa elhagyása.
    [Alpha-Beta Nyesés] Játékos (Minimizing) ágon: beta(0) <= alpha(0). Mögöttes játékfa elhagyása.
    [Alpha-Beta Nyesés] AI (Maximizing) ágon: alpha(3) >= beta(3). Mögöttes játékfa elhagyása.
<< 6. oszlop vizsgált értéke (Score): 3
A keresés befejeződött! A legoptimálisabb döntés: 3. oszlop
=======================================================

]]></system-out>
  </testcase>
  <testcase name="testAIBlocksOpponentWin" classname="Connect4AITest" time="0.023">
    <system-out><![CDATA[
=======================================================
Keresés indítása. Aktuális állapotteret vizsgálunk...
Maximális mélység (Depth): 4
Lehetséges lépések száma a gyökéren: 7
>> Gyökér szint - Megvizsgáljuk: 0. oszlopot lépésként.
    [Alpha-Beta Nyesés] Játékos (Minimizing) ágon: beta(0) <= alpha(0). Mögöttes játékfa elhagyása.
    [Alpha-Beta Nyesés] Játékos (Minimizing) ágon: beta(0) <= alpha(0). Mögöttes játékfa elhagyása.
    [Alpha-Beta Nyesés] Játékos (Minimizing) ágon: beta(0) <= alpha(5). Mögöttes játékfa elhagyása.
    [Alpha-Beta Nyesés] Játékos (Minimizing) ágon: beta(0) <= alpha(5). Mögöttes játékfa elhagyása.
    [Alpha-Beta Nyesés] Játékos (Minimizing) ágon: beta(0) <= alpha(5). Mögöttes játékfa elhagyása.
    [Alpha-Beta Nyesés] Játékos (Minimizing) ágon: beta(-4) <= alpha(-4). Mögöttes játékfa elhagyása.
    [Alpha-Beta Nyesés] AI (Maximizing) ágon: alpha(5) >= beta(5). Mögöttes játékfa elhagyása.
    [Alpha-Beta Nyesés] Játékos (Minimizing) ágon: beta(-2) <= alpha(0). Mögöttes játékfa elhagyása.
    [Alpha-Beta Nyesés] Játékos (Minimizing) ágon: beta(0) <= alpha(3). Mögöttes játékfa elhagyása.
    [Alpha-Beta Nyesés] Játékos (Minimizing) ágon: beta(0) <= alpha(3). Mögöttes játékfa elhagyása.
    [Alpha-Beta Nyesés] Játékos (Minimizing) ágon: beta(0) <= alpha(3). Mögöttes játékfa elhagyása.
    [Alpha-Beta Nyesés] Játékos (Minimizing) ágon: beta(0) <= alpha(0). Mögöttes játékfa elhagyása.
    [Alpha-Beta Nyesés] Játékos (Minimizing) ágon: beta(-1) <= alpha(0). Mögöttes játékfa elhagyása.
    [Alpha-Beta Nyesés] Játékos (Minimizing) ágon: beta(0) <= alpha(0). Mögöttes játékfa elhagyása.
    [Alpha-Beta Nyesés] Játékos (Minimizing) ágon: beta(0) <= alpha(0). Mögöttes játékfa elhagyása.
    [Alpha-Beta Nyesés] Játékos (Minimizing) ágon: beta(0) <= alpha(0). Mögöttes játékfa elhagyása.
    [Alpha-Beta Nyesés] AI (Maximizing) ágon: alpha(0) >= beta(0). Mögöttes játékfa elhagyása.
    [Alpha-Beta Nyesés] AI (Maximizing) ágon: alpha(0) >= beta(0). Mögöttes játékfa elhagyása.
    [Alpha-Beta Nyesés] AI (Maximizing) ágon: alpha(0) >= beta(0). Mögöttes játékfa elhagyása.
<< 0. oszlop vizsgált értéke (Score): 0
   [!] Új legjobb oszlop kiválasztva: 0 (Pontszám: 0)
>> Gyökér szint - Megvizsgáljuk: 1. oszlopot lépésként.
    [Alpha-Beta Nyesés] AI (Maximizing) ágon: alpha(0) >= beta(-1000000). Mögöttes játékfa elhagyása.
    [Alpha-Beta Nyesés] AI (Maximizing) ágon: alpha(0) >= beta(-1000000). Mögöttes játékfa elhagyása.
    [Alpha-Beta Nyesés] AI (Maximizing) ágon: alpha(0) >= beta(-1000000). Mögöttes játékfa elhagyása.
    [Alpha-Beta Nyesés] AI (Maximizing) ágon: alpha(0) >= beta(-1000000). Mögöttes játékfa elhagyása.
    [Alpha-Beta Nyesés] AI (Maximizing) ágon: alpha(0) >= beta(-1000000). Mögöttes játékfa elhagyása.
    [Alpha-Beta Nyesés] AI (Maximizing) ágon: alpha(0) >= beta(-1000000). Mögöttes játékfa elhagyása.
<< 1. oszlop vizsgált értéke (Score): -1000000
>> Gyökér szint - Megvizsgáljuk: 2. oszlopot lépésként.
    [Alpha-Beta Nyesés] AI (Maximizing) ágon: alpha(0) >= beta(-1000000). Mögöttes játékfa elhagyása.
    [Alpha-Beta Nyesés] AI (Maximizing) ágon: alpha(0) >= beta(-1000000). Mögöttes játékfa elhagyása.
    [Alpha-Beta Nyesés] AI (Maximizing) ágon: alpha(0) >= beta(-1000000). Mögöttes játékfa elhagyása.
    [Alpha-Beta Nyesés] AI (Maximizing) ágon: alpha(0) >= beta(-1000000). Mögöttes játékfa elhagyása.
    [Alpha-Beta Nyesés] AI (Maximizing) ágon: alpha(0) >= beta(-1000000). Mögöttes játékfa elhagyása.
    [Alpha-Beta Nyesés] AI (Maximizing) ágon: alpha(0) >= beta(-1000000). Mögöttes játékfa elhagyása.
<< 2. oszlop vizsgált értéke (Score): -1000000
>> Gyökér szint - Megvizsgáljuk: 3. oszlopot lépésként.
    [Alpha-Beta Nyesés] AI (Maximizing) ágon: alpha(5) >= beta(-1000000). Mögöttes játékfa elhagyása.
    [Alpha-Beta Nyesés] AI (Maximizing) ágon: alpha(3) >= beta(-1000000). Mögöttes játékfa elhagyása.
    [Alpha-Beta Nyesés] AI (Maximizing) ágon: alpha(5) >= beta(-1000000). Mögöttes játékfa elhagyása.
    [Alpha-Beta Nyesés] AI (Maximizing) ágon: alpha(5) >= beta(-1000000). Mögöttes játékfa elhagyása.
    [Alpha-Beta Nyesés] AI (Maximizing) ágon: alpha(5) >= beta(-1000000). Mögöttes játékfa elhagyása.
    [Alpha-Beta Nyesés] AI (Maximizing) ágon: alpha(5) >= beta(-1000000). Mögöttes játékfa elhagyása.
<< 3. oszlop vizsgált értéke (Score): -1000000
>> Gyökér szint - Megvizsgáljuk: 4. oszlopot lépésként.
    [Alpha-Beta Nyesés] AI (Maximizing) ágon: alpha(-4) >= beta(-1000000). Mögöttes játékfa elhagyása.
    [Alpha-Beta Nyesés] AI (Maximizing) ágon: alpha(-4) >= beta(-1000000). Mögöttes játékfa elhagyása.
    [Alpha-Beta Nyesés] AI (Maximizing) ágon: alpha(-4) >= beta(-1000000). Mögöttes játékfa elhagyása.
    [Alpha-Beta Nyesés] AI (Maximizing) ágon: alpha(0) >= beta(-1000000). Mögöttes játékfa elhagyása.
    [Alpha-Beta Nyesés] AI (Maximizing) ágon: alpha(0) >= beta(-1000000). Mögöttes játékfa elhagyása.
    [Alpha-Beta Nyesés] AI (Maximizing) ágon: alpha(0) >= beta(-1000000). Mögöttes játékfa elhagyása.
<< 4. oszlop vizsgált értéke (Score): -1000000
>> Gyökér szint - Megvizsgáljuk: 5. oszlopot lépésként.
    [Alpha-Beta Nyesés] AI (Maximizing) ágon: alpha(-4) >= beta(-1000000). Mögöttes játékfa elhagyása.
    [Alpha-Beta Nyesés] AI (Maximizing) ágon: alpha(-4) >= beta(-1000000). Mögöttes játékfa elhagyása.
    [Alpha-Beta Nyesés] AI (Maximizing) ágon: alpha(-4) >= beta(-1000000). Mögöttes játékfa elhagyása.
    [Alpha-Beta Nyesés] AI (Maximizing) ágon: alpha(0) >= beta(-1000000). Mögöttes játékfa elhagyása.
    [Alpha-Beta Nyesés] AI (Maximizing) ágon: alpha(0) >= beta(-1000000). Mögöttes játékfa elhagyása.
    [Alpha-Beta Nyesés] AI (Maximizing) ágon: alpha(0) >= beta(-1000000). Mögöttes játékfa elhagyása.
<< 5. oszlop vizsgált értéke (Score): -1000000
>> Gyökér szint - Megvizsgáljuk: 6. oszlopot lépésként.
    [Alpha-Beta Nyesés] AI (Maximizing) ágon: alpha(-4) >= beta(-1000000). Mögöttes játékfa elhagyása.
    [Alpha-Beta Nyesés] AI (Maximizing) ágon: alpha(-4) >= beta(-1000000). Mögöttes játékfa elhagyása.
    [Alpha-Beta Nyesés] AI (Maximizing) ágon: alpha(-4) >= beta(-1000000). Mögöttes játékfa elhagyása.
    [Alpha-Beta Nyesés] AI (Maximizing) ágon: alpha(0) >= beta(-1000000). Mögöttes játékfa elhagyása.
    [Alpha-Beta Nyesés] AI (Maximizing) ágon: alpha(0) >= beta(-1000000). Mögöttes játékfa elhagyása.
    [Alpha-Beta Nyesés] AI (Maximizing) ágon: alpha(0) >= beta(-1000000). Mögöttes játékfa elhagyása.
<< 6. oszlop vizsgált értéke (Score): -1000000
A keresés befejeződött! A legoptimálisabb döntés: 0. oszlop
=======================================================

]]></system-out>
  </testcase>
  <testcase name="testMinimaxDrawConditionAndFallback" classname="Connect4AITest" time="0.007">
    <system-out><![CDATA[
=======================================================
Keresés indítása. Aktuális állapotteret vizsgálunk...
Maximális mélység (Depth): 4
Lehetséges lépések száma a gyökéren: 1
>> Gyökér szint - Megvizsgáljuk: 0. oszlopot lépésként.
<< 0. oszlop vizsgált értéke (Score): 1000000
   [!] Új legjobb oszlop kiválasztva: 0 (Pontszám: 1000000)
A keresés befejeződött! A legoptimálisabb döntés: 0. oszlop
=======================================================

]]></system-out>
  </testcase>
  <testcase name="testFullBoardReturnsInvalid" classname="Connect4AITest" time="0.004"/>
</testsuite>